<?xml version="1.0" encoding="UTF-8"?>
<testng-results skipped="1" failed="0" ignored="0" total="1" passed="0">
  <reporter-output>
  </reporter-output>
  <suite name="Default suite" duration-ms="93126" started-at="2020-12-28T16:10:23Z" finished-at="2020-12-28T16:11:56Z">
    <groups>
    </groups>
    <test name="Default test" duration-ms="93126" started-at="2020-12-28T16:10:23Z" finished-at="2020-12-28T16:11:56Z">
      <class name="MobileAppTesting.Appium.MobileRotate">
        <test-method status="FAIL" signature="setUP()[pri:0, instance:MobileAppTesting.Appium.MobileRotate@66a3ffec]" name="setUP" is-config="true" duration-ms="92880" started-at="2020-12-28T21:40:23Z" finished-at="2020-12-28T21:41:56Z">
          <exception class="org.openqa.selenium.ElementNotInteractableException">
            <message>
              <![CDATA[element not interactable
  (Session info: chrome=87.0.4280.101)
Build info: version: '3.141.59', revision: 'e82be7d358', time: '2018-11-14T08:17:03'
System info: host: 'DESKTOP-C2I0Q31', ip: '172.16.24.35', os.name: 'Windows 10', os.arch: 'amd64', os.version: '10.0', java.version: '1.8.0_271'
Driver info: org.openqa.selenium.remote.RemoteWebDriver
Capabilities {appActivity: com.google.android.apps.chr..., appPackage: com.android.chrome, browserName: chrome, chromedriverExecutable: C:\Users\Yogesh\Desktop\App..., databaseEnabled: false, desired: {browserName: chrome, chromedriverExecutable: C:\Users\Yogesh\Desktop\App..., deviceName: RedmiK20pro, platVersion: 10, platformName: android}, deviceApiLevel: 29, deviceManufacturer: Xiaomi, deviceModel: Redmi K20 Pro, deviceName: d015a208, deviceScreenDensity: 440, deviceScreenSize: 1080x2340, deviceUDID: d015a208, javascriptEnabled: true, locationContextEnabled: false, networkConnectionEnabled: true, pixelRatio: 2.75, platVersion: 10, platform: LINUX, platformName: LINUX, platformVersion: 10, statBarHeight: 96, takesScreenshot: true, viewportRect: {height: 2114, left: 0, top: 96, width: 1080}, warnings: {}, webStorageEnabled: false}
Session ID: 55e16d39-aed3-4b0b-8bfd-8f7c8e51cdb1]]>
            </message>
            <full-stacktrace>
              <![CDATA[org.openqa.selenium.ElementNotInteractableException: element not interactable
  (Session info: chrome=87.0.4280.101)
Build info: version: '3.141.59', revision: 'e82be7d358', time: '2018-11-14T08:17:03'
System info: host: 'DESKTOP-C2I0Q31', ip: '172.16.24.35', os.name: 'Windows 10', os.arch: 'amd64', os.version: '10.0', java.version: '1.8.0_271'
Driver info: org.openqa.selenium.remote.RemoteWebDriver
Capabilities {appActivity: com.google.android.apps.chr..., appPackage: com.android.chrome, browserName: chrome, chromedriverExecutable: C:\Users\Yogesh\Desktop\App..., databaseEnabled: false, desired: {browserName: chrome, chromedriverExecutable: C:\Users\Yogesh\Desktop\App..., deviceName: RedmiK20pro, platVersion: 10, platformName: android}, deviceApiLevel: 29, deviceManufacturer: Xiaomi, deviceModel: Redmi K20 Pro, deviceName: d015a208, deviceScreenDensity: 440, deviceScreenSize: 1080x2340, deviceUDID: d015a208, javascriptEnabled: true, locationContextEnabled: false, networkConnectionEnabled: true, pixelRatio: 2.75, platVersion: 10, platform: LINUX, platformName: LINUX, platformVersion: 10, statBarHeight: 96, takesScreenshot: true, viewportRect: {height: 2114, left: 0, top: 96, width: 1080}, warnings: {}, webStorageEnabled: false}
Session ID: 55e16d39-aed3-4b0b-8bfd-8f7c8e51cdb1
	at sun.reflect.NativeConstructorAccessorImpl.newInstance0(Native Method)
	at sun.reflect.NativeConstructorAccessorImpl.newInstance(NativeConstructorAccessorImpl.java:62)
	at sun.reflect.DelegatingConstructorAccessorImpl.newInstance(DelegatingConstructorAccessorImpl.java:45)
	at java.lang.reflect.Constructor.newInstance(Constructor.java:423)
	at org.openqa.selenium.remote.http.W3CHttpResponseCodec.createException(W3CHttpResponseCodec.java:187)
	at org.openqa.selenium.remote.http.W3CHttpResponseCodec.decode(W3CHttpResponseCodec.java:122)
	at org.openqa.selenium.remote.http.W3CHttpResponseCodec.decode(W3CHttpResponseCodec.java:49)
	at org.openqa.selenium.remote.HttpCommandExecutor.execute(HttpCommandExecutor.java:158)
	at org.openqa.selenium.remote.RemoteWebDriver.execute(RemoteWebDriver.java:552)
	at org.openqa.selenium.remote.RemoteWebElement.execute(RemoteWebElement.java:285)
	at org.openqa.selenium.remote.RemoteWebElement.click(RemoteWebElement.java:84)
	at MobileAppTesting.Appium.MobileRotate.setUP(MobileRotate.java:45)
	at sun.reflect.NativeMethodAccessorImpl.invoke0(Native Method)
	at sun.reflect.NativeMethodAccessorImpl.invoke(NativeMethodAccessorImpl.java:62)
	at sun.reflect.DelegatingMethodAccessorImpl.invoke(DelegatingMethodAccessorImpl.java:43)
	at java.lang.reflect.Method.invoke(Method.java:498)
	at org.testng.internal.MethodInvocationHelper.invokeMethod(MethodInvocationHelper.java:108)
	at org.testng.internal.Invoker.invokeConfigurationMethod(Invoker.java:523)
	at org.testng.internal.Invoker.invokeConfigurations(Invoker.java:224)
	at org.testng.internal.Invoker.invokeConfigurations(Invoker.java:146)
	at org.testng.TestRunner.beforeRun(TestRunner.java:626)
	at org.testng.TestRunner.run(TestRunner.java:594)
	at org.testng.SuiteRunner.runTest(SuiteRunner.java:380)
	at org.testng.SuiteRunner.runSequentially(SuiteRunner.java:375)
	at org.testng.SuiteRunner.privateRun(SuiteRunner.java:340)
	at org.testng.SuiteRunner.run(SuiteRunner.java:289)
	at org.testng.SuiteRunnerWorker.runSuite(SuiteRunnerWorker.java:52)
	at org.testng.SuiteRunnerWorker.run(SuiteRunnerWorker.java:86)
	at org.testng.TestNG.runSuitesSequentially(TestNG.java:1301)
	at org.testng.TestNG.runSuitesLocally(TestNG.java:1226)
	at org.testng.TestNG.runSuites(TestNG.java:1144)
	at org.testng.TestNG.run(TestNG.java:1115)
	at org.testng.remote.AbstractRemoteTestNG.run(AbstractRemoteTestNG.java:132)
	at org.testng.remote.RemoteTestNG.initAndRun(RemoteTestNG.java:230)
	at org.testng.remote.RemoteTestNG.main(RemoteTestNG.java:76)
]]>
            </full-stacktrace>
          </exception> <!-- org.openqa.selenium.ElementNotInteractableException -->
          <reporter-output>
          </reporter-output>
        </test-method> <!-- setUP -->
        <test-method status="SKIP" signature="RotateTest()[pri:0, instance:MobileAppTesting.Appium.MobileRotate@66a3ffec]" name="RotateTest" duration-ms="15" started-at="2020-12-28T21:41:56Z" finished-at="2020-12-28T21:41:56Z">
          <exception class="org.openqa.selenium.ElementNotInteractableException">
            <message>
              <![CDATA[element not interactable
  (Session info: chrome=87.0.4280.101)
Build info: version: '3.141.59', revision: 'e82be7d358', time: '2018-11-14T08:17:03'
System info: host: 'DESKTOP-C2I0Q31', ip: '172.16.24.35', os.name: 'Windows 10', os.arch: 'amd64', os.version: '10.0', java.version: '1.8.0_271'
Driver info: org.openqa.selenium.remote.RemoteWebDriver
Capabilities {appActivity: com.google.android.apps.chr..., appPackage: com.android.chrome, browserName: chrome, chromedriverExecutable: C:\Users\Yogesh\Desktop\App..., databaseEnabled: false, desired: {browserName: chrome, chromedriverExecutable: C:\Users\Yogesh\Desktop\App..., deviceName: RedmiK20pro, platVersion: 10, platformName: android}, deviceApiLevel: 29, deviceManufacturer: Xiaomi, deviceModel: Redmi K20 Pro, deviceName: d015a208, deviceScreenDensity: 440, deviceScreenSize: 1080x2340, deviceUDID: d015a208, javascriptEnabled: true, locationContextEnabled: false, networkConnectionEnabled: true, pixelRatio: 2.75, platVersion: 10, platform: LINUX, platformName: LINUX, platformVersion: 10, statBarHeight: 96, takesScreenshot: true, viewportRect: {height: 2114, left: 0, top: 96, width: 1080}, warnings: {}, webStorageEnabled: false}
Session ID: 55e16d39-aed3-4b0b-8bfd-8f7c8e51cdb1]]>
            </message>
            <full-stacktrace>
              <![CDATA[org.openqa.selenium.ElementNotInteractableException: element not interactable
  (Session info: chrome=87.0.4280.101)
Build info: version: '3.141.59', revision: 'e82be7d358', time: '2018-11-14T08:17:03'
System info: host: 'DESKTOP-C2I0Q31', ip: '172.16.24.35', os.name: 'Windows 10', os.arch: 'amd64', os.version: '10.0', java.version: '1.8.0_271'
Driver info: org.openqa.selenium.remote.RemoteWebDriver
Capabilities {appActivity: com.google.android.apps.chr..., appPackage: com.android.chrome, browserName: chrome, chromedriverExecutable: C:\Users\Yogesh\Desktop\App..., databaseEnabled: false, desired: {browserName: chrome, chromedriverExecutable: C:\Users\Yogesh\Desktop\App..., deviceName: RedmiK20pro, platVersion: 10, platformName: android}, deviceApiLevel: 29, deviceManufacturer: Xiaomi, deviceModel: Redmi K20 Pro, deviceName: d015a208, deviceScreenDensity: 440, deviceScreenSize: 1080x2340, deviceUDID: d015a208, javascriptEnabled: true, locationContextEnabled: false, networkConnectionEnabled: true, pixelRatio: 2.75, platVersion: 10, platform: LINUX, platformName: LINUX, platformVersion: 10, statBarHeight: 96, takesScreenshot: true, viewportRect: {height: 2114, left: 0, top: 96, width: 1080}, warnings: {}, webStorageEnabled: false}
Session ID: 55e16d39-aed3-4b0b-8bfd-8f7c8e51cdb1
	at sun.reflect.NativeConstructorAccessorImpl.newInstance0(Native Method)
	at sun.reflect.NativeConstructorAccessorImpl.newInstance(NativeConstructorAccessorImpl.java:62)
	at sun.reflect.DelegatingConstructorAccessorImpl.newInstance(DelegatingConstructorAccessorImpl.java:45)
	at java.lang.reflect.Constructor.newInstance(Constructor.java:423)
	at org.openqa.selenium.remote.http.W3CHttpResponseCodec.createException(W3CHttpResponseCodec.java:187)
	at org.openqa.selenium.remote.http.W3CHttpResponseCodec.decode(W3CHttpResponseCodec.java:122)
	at org.openqa.selenium.remote.http.W3CHttpResponseCodec.decode(W3CHttpResponseCodec.java:49)
	at org.openqa.selenium.remote.HttpCommandExecutor.execute(HttpCommandExecutor.java:158)
	at org.openqa.selenium.remote.RemoteWebDriver.execute(RemoteWebDriver.java:552)
	at org.openqa.selenium.remote.RemoteWebElement.execute(RemoteWebElement.java:285)
	at org.openqa.selenium.remote.RemoteWebElement.click(RemoteWebElement.java:84)
	at MobileAppTesting.Appium.MobileRotate.setUP(MobileRotate.java:45)
	at sun.reflect.NativeMethodAccessorImpl.invoke0(Native Method)
	at sun.reflect.NativeMethodAccessorImpl.invoke(NativeMethodAccessorImpl.java:62)
	at sun.reflect.DelegatingMethodAccessorImpl.invoke(DelegatingMethodAccessorImpl.java:43)
	at java.lang.reflect.Method.invoke(Method.java:498)
	at org.testng.internal.MethodInvocationHelper.invokeMethod(MethodInvocationHelper.java:108)
	at org.testng.internal.Invoker.invokeConfigurationMethod(Invoker.java:523)
	at org.testng.internal.Invoker.invokeConfigurations(Invoker.java:224)
	at org.testng.internal.Invoker.invokeConfigurations(Invoker.java:146)
	at org.testng.TestRunner.beforeRun(TestRunner.java:626)
	at org.testng.TestRunner.run(TestRunner.java:594)
	at org.testng.SuiteRunner.runTest(SuiteRunner.java:380)
	at org.testng.SuiteRunner.runSequentially(SuiteRunner.java:375)
	at org.testng.SuiteRunner.privateRun(SuiteRunner.java:340)
	at org.testng.SuiteRunner.run(SuiteRunner.java:289)
	at org.testng.SuiteRunnerWorker.runSuite(SuiteRunnerWorker.java:52)
	at org.testng.SuiteRunnerWorker.run(SuiteRunnerWorker.java:86)
	at org.testng.TestNG.runSuitesSequentially(TestNG.java:1301)
	at org.testng.TestNG.runSuitesLocally(TestNG.java:1226)
	at org.testng.TestNG.runSuites(TestNG.java:1144)
	at org.testng.TestNG.run(TestNG.java:1115)
	at org.testng.remote.AbstractRemoteTestNG.run(AbstractRemoteTestNG.java:132)
	at org.testng.remote.RemoteTestNG.initAndRun(RemoteTestNG.java:230)
	at org.testng.remote.RemoteTestNG.main(RemoteTestNG.java:76)
]]>
            </full-stacktrace>
          </exception> <!-- org.openqa.selenium.ElementNotInteractableException -->
          <reporter-output>
          </reporter-output>
        </test-method> <!-- RotateTest -->
        <test-method status="SKIP" signature="tearDown()[pri:0, instance:MobileAppTesting.Appium.MobileRotate@66a3ffec]" name="tearDown" is-config="true" duration-ms="0" started-at="2020-12-28T21:41:56Z" finished-at="2020-12-28T21:41:56Z">
          <reporter-output>
          </reporter-output>
        </test-method> <!-- tearDown -->
      </class> <!-- MobileAppTesting.Appium.MobileRotate -->
    </test> <!-- Default test -->
  </suite> <!-- Default suite -->
</testng-results>
